<?xml version="1.0" encoding="UTF-8"?>
<!-- Generated by org.testng.reporters.JUnitReportReporter -->
<testsuite hostname="DESKTOP-1OQPK0U" failures="0" tests="1" name="com.wordpress.test.LoginFunctionalityTest" time="28.037" errors="0" timestamp="2020-11-24T05:20:12 IST" skipped="0">
  <testcase classname="com.wordpress.test.LoginFunctionalityTest" name="startbrowser" time="28.037"/>
  <system-out/>
</testsuite> <!-- com.wordpress.test.LoginFunctionalityTest -->
